2014-03-13 12:03:07,375 ERROR [LogCat output receiver for emulator-5554] - System.err - Exception in thread "LogCat output receiver for emulator-5554"
2014-03-13 12:03:07,377 ERROR [LogCat output receiver for emulator-5554] - System.err - org.eclipse.swt.SWTException: Invalid thread access
2014-03-13 12:03:07,377 ERROR [LogCat output receiver for emulator-5554] - System.err - at org.eclipse.swt.SWT.error(SWT.java:4397)
2014-03-13 12:03:07,377 ERROR [LogCat output receiver for emulator-5554] - System.err - at org.eclipse.swt.SWT.error(SWT.java:4312)
2014-03-13 12:03:07,377 ERROR [LogCat output receiver for emulator-5554] - System.err - at org.eclipse.swt.SWT.error(SWT.java:4283)
2014-03-13 12:03:07,377 ERROR [LogCat output receiver for emulator-5554] - System.err - at org.eclipse.swt.widgets.Display.error(Display.java:1076)
2014-03-13 12:03:07,377 ERROR [LogCat output receiver for emulator-5554] - System.err - at org.eclipse.swt.widgets.Display.createDisplay(Display.java:833)
2014-03-13 12:03:07,377 ERROR [LogCat output receiver for emulator-5554] - System.err - at org.eclipse.swt.widgets.Display.create(Display.java:816)
2014-03-13 12:03:07,377 ERROR [LogCat output receiver for emulator-5554] - System.err - at org.eclipse.swt.graphics.Device.<init>(Device.java:130)
2014-03-13 12:03:07,377 ERROR [LogCat output receiver for emulator-5554] - System.err - at org.eclipse.swt.widgets.Display.<init>(Display.java:707)
2014-03-13 12:03:07,377 ERROR [LogCat output receiver for emulator-5554] - System.err - at org.eclipse.swt.widgets.Display.<init>(Display.java:698)
2014-03-13 12:03:07,377 ERROR [LogCat output receiver for emulator-5554] - System.err - at org.eclipse.swt.widgets.Display.getDefault(Display.java:1396)
2014-03-13 12:03:07,377 ERROR [LogCat output receiver for emulator-5554] - System.err - at com.android.ddmuilib.logcat.LogCatPanel.refreshFiltersTable(LogCatPanel.java:1217)
2014-03-13 12:03:07,377 ERROR [LogCat output receiver for emulator-5554] - System.err - at com.android.ddmuilib.logcat.LogCatPanel.bufferChanged(LogCatPanel.java:1169)
2014-03-13 12:03:07,377 ERROR [LogCat output receiver for emulator-5554] - System.err - at com.android.ddmuilib.logcat.LogCatReceiver.sendLogChangedEvent(LogCatReceiver.java:140)
2014-03-13 12:03:07,377 ERROR [LogCat output receiver for emulator-5554] - System.err - at com.android.ddmuilib.logcat.LogCatReceiver.log(LogCatReceiver.java:107)
2014-03-13 12:03:07,377 ERROR [LogCat output receiver for emulator-5554] - System.err - at com.android.ddmlib.logcat.LogCatReceiverTask.notifyListeners(LogCatReceiverTask.java:129)
2014-03-13 12:03:07,377 ERROR [LogCat output receiver for emulator-5554] - System.err - at com.android.ddmlib.logcat.LogCatReceiverTask.access$300(LogCatReceiverTask.java:36)
2014-03-13 12:03:07,377 ERROR [LogCat output receiver for emulator-5554] - System.err - at com.android.ddmlib.logcat.LogCatReceiverTask$LogCatOutputReceiver.processLogLines(LogCatReceiverTask.java:114)
2014-03-13 12:03:07,377 ERROR [LogCat output receiver for emulator-5554] - System.err - at com.android.ddmlib.logcat.LogCatReceiverTask$LogCatOutputReceiver.processNewLines(LogCatReceiverTask.java:107)
2014-03-13 12:03:07,377 ERROR [LogCat output receiver for emulator-5554] - System.err - at com.android.ddmlib.MultiLineReceiver.addOutput(MultiLineReceiver.java:99)
2014-03-13 12:03:07,378 ERROR [LogCat output receiver for emulator-5554] - System.err - at com.android.ddmlib.AdbHelper.executeRemoteCommand(AdbHelper.java:441)
2014-03-13 12:03:07,378 ERROR [LogCat output receiver for emulator-5554] - System.err - at com.android.ddmlib.AdbHelper.executeRemoteCommand(AdbHelper.java:347)
2014-03-13 12:03:07,378 ERROR [LogCat output receiver for emulator-5554] - System.err - at com.android.ddmlib.Device.executeShellCommand(Device.java:444)
2014-03-13 12:03:07,378 ERROR [LogCat output receiver for emulator-5554] - System.err - at com.android.ddmlib.logcat.LogCatReceiverTask.run(LogCatReceiverTask.java:75)
2014-03-13 12:03:07,378 ERROR [LogCat output receiver for emulator-5554] - System.err - at java.lang.Thread.run(Thread.java:744)
2014-03-13 16:57:07,895 ERROR [AppKit Thread] - System.err - java.lang.reflect.InvocationTargetException
2014-03-13 16:57:07,895 ERROR [AppKit Thread] - System.err - at com.android.ide.eclipse.adt.internal.wizards.newproject.NewProjectCreator.createProjectAsync(NewProjectCreator.java:677)
2014-03-13 16:57:07,896 ERROR [AppKit Thread] - System.err - at com.android.ide.eclipse.adt.internal.wizards.newproject.NewProjectCreator.access$0(NewProjectCreator.java:590)
2014-03-13 16:57:07,896 ERROR [AppKit Thread] - System.err - at com.android.ide.eclipse.adt.internal.wizards.newproject.NewProjectCreator$3.execute(NewProjectCreator.java:400)
2014-03-13 16:57:07,896 ERROR [AppKit Thread] - System.err - at org.eclipse.ui.actions.WorkspaceModifyOperation$1.run(WorkspaceModifyOperation.java:106)
2014-03-13 16:57:07,896 ERROR [AppKit Thread] - System.err - at org.eclipse.core.internal.resources.Workspace.run(Workspace.java:2345)
2014-03-13 16:57:07,896 ERROR [AppKit Thread] - System.err - at org.eclipse.ui.actions.WorkspaceModifyOperation.run(WorkspaceModifyOperation.java:118)
2014-03-13 16:57:07,896 ERROR [AppKit Thread] - System.err - at org.eclipse.jface.operation.ModalContext$ModalContextThread.run(ModalContext.java:121)
2014-03-13 16:57:07,896 ERROR [AppKit Thread] - System.err - Caused by: org.eclipse.core.internal.resources.ResourceException: Invalid project description.
2014-03-13 16:57:07,896 ERROR [AppKit Thread] - System.err - at org.eclipse.core.internal.resources.Project.checkDescription(Project.java:175)
2014-03-13 16:57:07,896 ERROR [AppKit Thread] - System.err - at org.eclipse.core.internal.resources.Project.assertCreateRequirements(Project.java:53)
2014-03-13 16:57:07,896 ERROR [AppKit Thread] - System.err - at org.eclipse.core.internal.resources.Project.create(Project.java:287)
2014-03-13 16:57:07,896 ERROR [AppKit Thread] - System.err - at org.eclipse.core.internal.resources.Project.create(Project.java:269)
2014-03-13 16:57:07,896 ERROR [AppKit Thread] - System.err - at com.android.ide.eclipse.adt.internal.wizards.newproject.NewProjectCreator.createEclipseProject(NewProjectCreator.java:727)
2014-03-13 16:57:07,896 ERROR [AppKit Thread] - System.err - at com.android.ide.eclipse.adt.internal.wizards.newproject.NewProjectCreator.createProjectAsync(NewProjectCreator.java:660)
2014-03-13 16:57:07,896 ERROR [AppKit Thread] - System.err - ... 6 more
2014-03-13 16:57:19,456 ERROR [AppKit Thread] - System.err - java.lang.reflect.InvocationTargetException
2014-03-13 16:57:19,456 ERROR [AppKit Thread] - System.err - at com.android.ide.eclipse.adt.internal.wizards.newproject.NewProjectCreator.createProjectAsync(NewProjectCreator.java:677)
2014-03-13 16:57:19,457 ERROR [AppKit Thread] - System.err - at com.android.ide.eclipse.adt.internal.wizards.newproject.NewProjectCreator.access$0(NewProjectCreator.java:590)
2014-03-13 16:57:19,457 ERROR [AppKit Thread] - System.err - at com.android.ide.eclipse.adt.internal.wizards.newproject.NewProjectCreator$3.execute(NewProjectCreator.java:400)
2014-03-13 16:57:19,457 ERROR [AppKit Thread] - System.err - at org.eclipse.ui.actions.WorkspaceModifyOperation$1.run(WorkspaceModifyOperation.java:106)
2014-03-13 16:57:19,457 ERROR [AppKit Thread] - System.err - at org.eclipse.core.internal.resources.Workspace.run(Workspace.java:2345)
2014-03-13 16:57:19,457 ERROR [AppKit Thread] - System.err - at org.eclipse.ui.actions.WorkspaceModifyOperation.run(WorkspaceModifyOperation.java:118)
2014-03-13 16:57:19,457 ERROR [AppKit Thread] - System.err - at org.eclipse.jface.operation.ModalContext$ModalContextThread.run(ModalContext.java:121)
2014-03-13 16:57:19,457 ERROR [AppKit Thread] - System.err - Caused by: org.eclipse.core.internal.resources.ResourceException: Invalid project description.
2014-03-13 16:57:19,457 ERROR [AppKit Thread] - System.err - at org.eclipse.core.internal.resources.Project.checkDescription(Project.java:175)
2014-03-13 16:57:19,457 ERROR [AppKit Thread] - System.err - at org.eclipse.core.internal.resources.Project.assertCreateRequirements(Project.java:53)
2014-03-13 16:57:19,457 ERROR [AppKit Thread] - System.err - at org.eclipse.core.internal.resources.Project.create(Project.java:287)
2014-03-13 16:57:19,459 ERROR [AppKit Thread] - System.err - at org.eclipse.core.internal.resources.Project.create(Project.java:269)
2014-03-13 16:57:19,459 ERROR [AppKit Thread] - System.err - at com.android.ide.eclipse.adt.internal.wizards.newproject.NewProjectCreator.createEclipseProject(NewProjectCreator.java:727)
2014-03-13 16:57:19,459 ERROR [AppKit Thread] - System.err - at com.android.ide.eclipse.adt.internal.wizards.newproject.NewProjectCreator.createProjectAsync(NewProjectCreator.java:660)
2014-03-13 16:57:19,459 ERROR [AppKit Thread] - System.err - ... 6 more
2014-03-13 17:06:37,878 ERROR [LogCat output receiver for emulator-5554] - System.err - Exception in thread "LogCat output receiver for emulator-5554"
2014-03-13 17:06:37,878 ERROR [LogCat output receiver for emulator-5554] - System.err - org.eclipse.swt.SWTException: Invalid thread access
2014-03-13 17:06:37,879 ERROR [LogCat output receiver for emulator-5554] - System.err - at org.eclipse.swt.SWT.error(SWT.java:4397)
2014-03-13 17:06:37,879 ERROR [LogCat output receiver for emulator-5554] - System.err - at org.eclipse.swt.SWT.error(SWT.java:4312)
2014-03-13 17:06:37,879 ERROR [LogCat output receiver for emulator-5554] - System.err - at org.eclipse.swt.SWT.error(SWT.java:4283)
2014-03-13 17:06:37,879 ERROR [LogCat output receiver for emulator-5554] - System.err - at org.eclipse.swt.widgets.Display.error(Display.java:1076)
2014-03-13 17:06:37,879 ERROR [LogCat output receiver for emulator-5554] - System.err - at org.eclipse.swt.widgets.Display.createDisplay(Display.java:833)
2014-03-13 17:06:37,879 ERROR [LogCat output receiver for emulator-5554] - System.err - at org.eclipse.swt.widgets.Display.create(Display.java:816)
2014-03-13 17:06:37,879 ERROR [LogCat output receiver for emulator-5554] - System.err - at org.eclipse.swt.graphics.Device.<init>(Device.java:130)
2014-03-13 17:06:37,879 ERROR [LogCat output receiver for emulator-5554] - System.err - at org.eclipse.swt.widgets.Display.<init>(Display.java:707)
2014-03-13 17:06:37,879 ERROR [LogCat output receiver for emulator-5554] - System.err - at org.eclipse.swt.widgets.Display.<init>(Display.java:698)
2014-03-13 17:06:37,879 ERROR [LogCat output receiver for emulator-5554] - System.err - at org.eclipse.swt.widgets.Display.getDefault(Display.java:1396)
2014-03-13 17:06:37,879 ERROR [LogCat output receiver for emulator-5554] - System.err - at com.android.ddmuilib.logcat.LogCatPanel.refreshFiltersTable(LogCatPanel.java:1217)
2014-03-13 17:06:37,879 ERROR [LogCat output receiver for emulator-5554] - System.err - at com.android.ddmuilib.logcat.LogCatPanel.bufferChanged(LogCatPanel.java:1169)
2014-03-13 17:06:37,879 ERROR [LogCat output receiver for emulator-5554] - System.err - at com.android.ddmuilib.logcat.LogCatReceiver.sendLogChangedEvent(LogCatReceiver.java:140)
2014-03-13 17:06:37,879 ERROR [LogCat output receiver for emulator-5554] - System.err - at com.android.ddmuilib.logcat.LogCatReceiver.log(LogCatReceiver.java:107)
2014-03-13 17:06:37,879 ERROR [LogCat output receiver for emulator-5554] - System.err - at com.android.ddmlib.logcat.LogCatReceiverTask.notifyListeners(LogCatReceiverTask.java:129)
2014-03-13 17:06:37,879 ERROR [LogCat output receiver for emulator-5554] - System.err - at com.android.ddmlib.logcat.LogCatReceiverTask.access$300(LogCatReceiverTask.java:36)
2014-03-13 17:06:37,879 ERROR [LogCat output receiver for emulator-5554] - System.err - at com.android.ddmlib.logcat.LogCatReceiverTask$LogCatOutputReceiver.processLogLines(LogCatReceiverTask.java:114)
2014-03-13 17:06:37,879 ERROR [LogCat output receiver for emulator-5554] - System.err - at com.android.ddmlib.logcat.LogCatReceiverTask$LogCatOutputReceiver.processNewLines(LogCatReceiverTask.java:107)
2014-03-13 17:06:37,879 ERROR [LogCat output receiver for emulator-5554] - System.err - at com.android.ddmlib.MultiLineReceiver.addOutput(MultiLineReceiver.java:99)
2014-03-13 17:06:37,879 ERROR [LogCat output receiver for emulator-5554] - System.err - at com.android.ddmlib.AdbHelper.executeRemoteCommand(AdbHelper.java:441)
2014-03-13 17:06:37,879 ERROR [LogCat output receiver for emulator-5554] - System.err - at com.android.ddmlib.AdbHelper.executeRemoteCommand(AdbHelper.java:347)
2014-03-13 17:06:37,879 ERROR [LogCat output receiver for emulator-5554] - System.err - at com.android.ddmlib.Device.executeShellCommand(Device.java:444)
2014-03-13 17:06:37,879 ERROR [LogCat output receiver for emulator-5554] - System.err - at com.android.ddmlib.logcat.LogCatReceiverTask.run(LogCatReceiverTask.java:75)
2014-03-13 17:06:37,879 ERROR [LogCat output receiver for emulator-5554] - System.err - at java.lang.Thread.run(Thread.java:744)
2014-03-13 18:08:12,914 ERROR [Thread-17] - System.err - java.net.UnknownHostException: tools.google.com
2014-03-13 18:08:12,915 ERROR [Thread-17] - System.err - at java.net.AbstractPlainSocketImpl.connect(AbstractPlainSocketImpl.java:178)
2014-03-13 18:08:12,915 ERROR [Thread-17] - System.err - at java.net.SocksSocketImpl.connect(SocksSocketImpl.java:392)
2014-03-13 18:08:12,915 ERROR [Thread-17] - System.err - at java.net.Socket.connect(Socket.java:579)
2014-03-13 18:08:12,915 ERROR [Thread-17] - System.err - at java.net.Socket.connect(Socket.java:528)
2014-03-13 18:08:12,915 ERROR [Thread-17] - System.err - at sun.net.NetworkClient.doConnect(NetworkClient.java:180)
2014-03-13 18:08:12,915 ERROR [Thread-17] - System.err - at sun.net.www.http.HttpClient.openServer(HttpClient.java:432)
2014-03-13 18:08:12,915 ERROR [Thread-17] - System.err - at sun.net.www.http.HttpClient.openServer(HttpClient.java:527)
2014-03-13 18:08:12,915 ERROR [Thread-17] - System.err - at sun.net.www.http.HttpClient.<init>(HttpClient.java:211)
2014-03-13 18:08:12,915 ERROR [Thread-17] - System.err - at sun.net.www.http.HttpClient.New(HttpClient.java:308)
2014-03-13 18:08:12,915 ERROR [Thread-17] - System.err - at sun.net.www.http.HttpClient.New(HttpClient.java:326)
2014-03-13 18:08:12,915 ERROR [Thread-17] - System.err - at sun.net.www.protocol.http.HttpURLConnection.getNewHttpClient(HttpURLConnection.java:996)
2014-03-13 18:08:12,915 ERROR [Thread-17] - System.err - at sun.net.www.protocol.http.HttpURLConnection.plainConnect(HttpURLConnection.java:932)
2014-03-13 18:08:12,915 ERROR [Thread-17] - System.err - at sun.net.www.protocol.http.HttpURLConnection.connect(HttpURLConnection.java:850)
2014-03-13 18:08:12,915 ERROR [Thread-17] - System.err - at sun.net.www.protocol.http.HttpURLConnection.getInputStream(HttpURLConnection.java:1300)
2014-03-13 18:08:12,915 ERROR [Thread-17] - System.err - at java.net.HttpURLConnection.getResponseCode(HttpURLConnection.java:468)
2014-03-13 18:08:12,915 ERROR [Thread-17] - System.err - at com.android.sdkstats.SdkStatsService.actuallySendPing(SdkStatsService.java:249)
2014-03-13 18:08:12,915 ERROR [Thread-17] - System.err - at com.android.sdkstats.SdkStatsService.access$100(SdkStatsService.java:36)
2014-03-13 18:08:12,915 ERROR [Thread-17] - System.err - at com.android.sdkstats.SdkStatsService$2.run(SdkStatsService.java:222)
2014-03-13 18:08:12,916 ERROR [Thread-16] - System.err - java.net.UnknownHostException: tools.google.com
2014-03-13 18:08:12,916 ERROR [Thread-16] - System.err - at java.net.AbstractPlainSocketImpl.connect(AbstractPlainSocketImpl.java:178)
2014-03-13 18:08:12,916 ERROR [Thread-16] - System.err - at java.net.SocksSocketImpl.connect(SocksSocketImpl.java:392)
2014-03-13 18:08:12,916 ERROR [Thread-16] - System.err - at java.net.Socket.connect(Socket.java:579)
2014-03-13 18:08:12,916 ERROR [Thread-16] - System.err - at java.net.Socket.connect(Socket.java:528)
2014-03-13 18:08:12,916 ERROR [Thread-16] - System.err - at sun.net.NetworkClient.doConnect(NetworkClient.java:180)
2014-03-13 18:08:12,916 ERROR [Thread-16] - System.err - at sun.net.www.http.HttpClient.openServer(HttpClient.java:432)
2014-03-13 18:08:12,916 ERROR [Thread-16] - System.err - at sun.net.www.http.HttpClient.openServer(HttpClient.java:527)
2014-03-13 18:08:12,916 ERROR [Thread-16] - System.err - at sun.net.www.http.HttpClient.<init>(HttpClient.java:211)
2014-03-13 18:08:12,916 ERROR [Thread-16] - System.err - at sun.net.www.http.HttpClient.New(HttpClient.java:308)
2014-03-13 18:08:12,916 ERROR [Thread-16] - System.err - at sun.net.www.http.HttpClient.New(HttpClient.java:326)
2014-03-13 18:08:12,916 ERROR [Thread-16] - System.err - at sun.net.www.protocol.http.HttpURLConnection.getNewHttpClient(HttpURLConnection.java:996)
2014-03-13 18:08:12,916 ERROR [Thread-16] - System.err - at sun.net.www.protocol.http.HttpURLConnection.plainConnect(HttpURLConnection.java:932)
2014-03-13 18:08:12,916 ERROR [Thread-16] - System.err - at sun.net.www.protocol.http.HttpURLConnection.connect(HttpURLConnection.java:850)
2014-03-13 18:08:12,916 ERROR [Thread-16] - System.err - at sun.net.www.protocol.http.HttpURLConnection.getInputStream(HttpURLConnection.java:1300)
2014-03-13 18:08:12,916 ERROR [Thread-16] - System.err - at java.net.HttpURLConnection.getResponseCode(HttpURLConnection.java:468)
2014-03-13 18:08:12,917 ERROR [Thread-16] - System.err - at com.android.sdkstats.SdkStatsService.actuallySendPing(SdkStatsService.java:249)
2014-03-13 18:08:12,917 ERROR [Thread-16] - System.err - at com.android.sdkstats.SdkStatsService.access$100(SdkStatsService.java:36)
2014-03-13 18:08:12,917 ERROR [Thread-16] - System.err - at com.android.sdkstats.SdkStatsService$2.run(SdkStatsService.java:222)
